<?xml version="1.0" encoding="UTF-8"?>
<testng-results ignored="0" total="1" passed="1" failed="0" skipped="0">
  <reporter-output>
    <line>
      <![CDATA[createCustomer]]>
    </line>
  </reporter-output>
  <suite started-at="2023-06-05T14:11:38Z" name="Suite" finished-at="2023-06-05T14:11:38Z" duration-ms="51">
    <groups>
    </groups>
    <test started-at="2023-06-05T14:11:38Z" name="Test" finished-at="2023-06-05T14:11:38Z" duration-ms="51">
      <class name="com.actitime.testscript.CustomerModule">
        <test-method signature="testcreateCustomer()[pri:0, instance:com.actitime.testscript.CustomerModule@2e8c1c9b]" started-at="2023-06-05T14:11:38Z" name="testcreateCustomer" finished-at="2023-06-05T14:11:38Z" duration-ms="20" status="PASS">
          <reporter-output>
            <line>
              <![CDATA[createCustomer]]>
            </line>
          </reporter-output>
        </test-method> <!-- testcreateCustomer -->
      </class> <!-- com.actitime.testscript.CustomerModule -->
    </test> <!-- Test -->
  </suite> <!-- Suite -->
</testng-results>
